============================= test session starts ==============================
platform linux -- Python 3.10.13, pytest-9.0.3, pluggy-1.6.0 -- /home/liuyu/.conda/envs/openvla_official_libero_20260525/bin/python
cachedir: .pytest_cache
rootdir: /data/liuyu/repos/openvla-gripper-dutycycle-attack-reviewed-20260605
configfile: pyproject.toml
plugins: hydra-core-1.2.0
collecting ... collected 105 items

tests/stageb/test_d4_production_detector.py::test_is_valid_float PASSED  [  0%]
tests/stageb/test_d4_production_detector.py::test_is_valid_binary PASSED [  1%]
tests/stageb/test_d4_production_detector.py::test_invalid_raw_no_raw_crossing PASSED [  2%]
tests/stageb/test_d4_production_detector.py::test_invalid_raw_prev_no_crossing PASSED [  3%]
tests/stageb/test_d4_production_detector.py::test_invalid_semantics_no_candidate PASSED [  4%]
tests/stageb/test_d4_production_detector.py::test_invalid_semantics_no_emission PASSED [  5%]
tests/stageb/test_d4_production_detector.py::test_decoded_open_invalid_no_candidate PASSED [  6%]
tests/stageb/test_d4_production_detector.py::test_decoded_open_nan_no_candidate PASSED [  7%]
tests/stageb/test_d4_production_detector.py::test_predictor_abstain_blocks_emission PASSED [  8%]
tests/stageb/test_d4_production_detector.py::test_predictor_abstain_too_early PASSED [  9%]
tests/stageb/test_d4_production_detector.py::test_step_gap_fails PASSED  [ 10%]
tests/stageb/test_d4_production_detector.py::test_step_duplicate_fails PASSED [ 11%]
tests/stageb/test_d4_production_detector.py::test_step_reversal_fails PASSED [ 12%]
tests/stageb/test_d4_production_detector.py::test_step_after_reset_starts_at_zero PASSED [ 13%]
tests/stageb/test_d4_production_detector.py::test_reset_clears_all_state PASSED [ 14%]
tests/stageb/test_d4_production_detector.py::test_none_input_fail_closed PASSED [ 15%]
tests/stageb/test_d4_production_detector.py::test_nan_input_fail_closed PASSED [ 16%]
tests/stageb/test_d4_production_detector.py::test_inf_input_fail_closed PASSED [ 17%]
tests/stageb/test_d4_production_detector.py::test_nan_eef_fail_closed PASSED [ 18%]
tests/stageb/test_d4_production_detector.py::test_at_most_one_emission PASSED [ 19%]
tests/stageb/test_d4_production_detector.py::test_normalized_feature_parity PASSED [ 20%]
tests/stageb/test_d4_production_detector.py::test_mlp_score_parity PASSED [ 20%]
tests/stageb/test_d4_production_detector.py::test_future_suffix_does_not_alter_prior PASSED [ 21%]
tests/stageb/test_d4_production_detector.py::test_input_objects_not_mutated PASSED [ 22%]
tests/stageb/test_d4_production_detector.py::test_history_dicts_are_copies PASSED [ 23%]
tests/stageb/test_d4_production_detector.py::test_no_teacher_p_import PASSED [ 24%]
tests/stageb/test_d4_production_detector.py::test_no_candidate_table_dependency PASSED [ 25%]
tests/stageb/test_d4_production_detector.py::test_detector_init_no_hidden_deps PASSED [ 26%]
tests/stageb/test_d4_production_detector.py::test_missing_manifest_trace_asserts PASSED [ 27%]
tests/stageb/test_d4_production_detector.py::test_next_expected_step_tracks_correctly PASSED [ 28%]
tests/stageb/test_d4_production_detector.py::test_has_emitted_tracks_emission PASSED [ 29%]
tests/stageb/test_d4_production_detector.py::test_reset_clears_step_counter PASSED [ 30%]
tests/stageb/test_d4_clean_shadow.py::test_action_hash_deterministic PASSED [ 31%]
tests/stageb/test_d4_clean_shadow.py::test_action_hash_detects_mutation PASSED [ 32%]
tests/stageb/test_d4_clean_shadow.py::test_action_hash_copy_preserves PASSED [ 33%]
tests/stageb/test_d4_clean_shadow.py::test_reference_mode_no_detector_calls PASSED [ 34%]
tests/stageb/test_d4_clean_shadow.py::test_shadow_mode_detector_called PASSED [ 35%]
tests/stageb/test_d4_clean_shadow.py::test_detector_reset_between_episodes PASSED [ 36%]
tests/stageb/test_d4_clean_shadow.py::test_action_identity_hard_stop PASSED [ 37%]
tests/stageb/test_d4_clean_shadow.py::test_action_identity_pass_proceeds PASSED [ 38%]
tests/stageb/test_d4_clean_shadow.py::test_sentinel_prevents_reuse PASSED [ 39%]
tests/stageb/test_d4_clean_shadow.py::test_sentinel_content PASSED       [ 40%]
tests/stageb/test_d4_clean_shadow.py::test_empty_output_dir_required PASSED [ 40%]
tests/stageb/test_d4_clean_shadow.py::test_attempt_dir_must_not_exist PASSED [ 41%]
tests/stageb/test_d4_clean_shadow.py::test_state_freeze_task_list PASSED [ 42%]
tests/stageb/test_d4_clean_shadow.py::test_state_freeze_exclusion_by_key PASSED [ 43%]
tests/stageb/test_d4_clean_shadow.py::test_state_freeze_500_assertion_pattern PASSED [ 44%]
tests/stageb/test_d4_clean_shadow.py::test_config_forbids_attack PASSED  [ 45%]
tests/stageb/test_d4_clean_shadow.py::test_live_validity_convention_ok PASSED [ 46%]
tests/stageb/test_d4_clean_shadow.py::test_live_validity_convention_violation PASSED [ 47%]
tests/stageb/test_d4_clean_shadow.py::test_live_validity_nan_qpos PASSED [ 48%]
tests/stageb/test_d4_clean_shadow.py::test_live_validity_none_eef PASSED [ 49%]
tests/stageb/test_d4_clean_shadow.py::test_comparator_identical_sequences_pass PASSED [ 50%]
tests/stageb/test_d4_clean_shadow.py::test_comparator_mismatch_detected PASSED [ 51%]
tests/stageb/test_d4_clean_shadow.py::test_retry_only_before_first_action PASSED [ 52%]
tests/stageb/test_d4_clean_shadow.py::test_panel_blocked_when_sidecar_pending PASSED [ 53%]
tests/stageb/test_d4_clean_shadow.py::test_strict_bool_gripper_semantics_rejects_string PASSED [ 54%]
tests/stageb/test_d4_clean_shadow.py::test_strict_bool_gripper_semantics_accepts_ints PASSED [ 55%]
tests/stageb/test_d4_clean_shadow.py::test_strict_bool_gripper_semantics_rejects_none PASSED [ 56%]
tests/stageb/test_d4_clean_shadow.py::test_strict_bool_validity_flags_combined PASSED [ 57%]
tests/stageb/test_d4_shadow_canary_auditor.py::test_regex_parses_single_underscore_task PASSED [ 58%]
tests/stageb/test_d4_shadow_canary_auditor.py::test_regex_parses_multi_underscore_task PASSED [ 59%]
tests/stageb/test_d4_shadow_canary_auditor.py::test_regex_parses_chocolate_pudding PASSED [ 60%]
tests/stageb/test_d4_shadow_canary_auditor.py::test_regex_rejects_attempt3 PASSED [ 60%]
tests/stageb/test_d4_shadow_canary_auditor.py::test_regex_rejects_attack_mode PASSED [ 61%]
tests/stageb/test_d4_shadow_canary_auditor.py::test_regex_rejects_bad_format PASSED [ 62%]
tests/stageb/test_d4_shadow_canary_auditor.py::test_parse_safe_tag_validates_keys PASSED [ 63%]
tests/stageb/test_d4_shadow_canary_auditor.py::test_parse_safe_tag_rejects_unknown_key PASSED [ 64%]
tests/stageb/test_d4_shadow_canary_auditor.py::test_attempt_ids_1_valid PASSED [ 65%]
tests/stageb/test_d4_shadow_canary_auditor.py::test_attempt_ids_12_valid PASSED [ 66%]
tests/stageb/test_d4_shadow_canary_auditor.py::test_attempt_ids_2_only_invalid PASSED [ 67%]
tests/stageb/test_d4_shadow_canary_auditor.py::test_attempt_ids_3_invalid PASSED [ 68%]
tests/stageb/test_d4_shadow_canary_auditor.py::test_is_success_all_ok PASSED [ 69%]
tests/stageb/test_d4_shadow_canary_auditor.py::test_is_success_rc_nonzero PASSED [ 70%]
tests/stageb/test_d4_shadow_canary_auditor.py::test_is_success_manifest_missing PASSED [ 71%]
tests/stageb/test_d4_shadow_canary_auditor.py::test_is_success_fatal PASSED [ 72%]
tests/stageb/test_d4_shadow_canary_auditor.py::test_is_success_infra_not_ok PASSED [ 73%]
tests/stageb/test_d4_shadow_canary_auditor.py::test_is_success_no_fa_file PASSED [ 74%]
tests/stageb/test_d4_shadow_canary_auditor.py::test_is_success_manifest_says_no_fa PASSED [ 75%]
tests/stageb/test_d4_shadow_canary_auditor.py::test_pre_action_failure_no_fa PASSED [ 76%]
tests/stageb/test_d4_shadow_canary_auditor.py::test_pre_action_failure_requires_nonzero_rc PASSED [ 77%]
tests/stageb/test_d4_shadow_canary_auditor.py::test_hash_set_exact_match PASSED [ 78%]
tests/stageb/test_d4_shadow_canary_auditor.py::test_hash_set_extra_row_fails PASSED [ 79%]
tests/stageb/test_d4_shadow_canary_auditor.py::test_hash_set_missing_row_fails PASSED [ 80%]
tests/stageb/test_d4_shadow_canary_auditor.py::test_hash_set_no_duplicates PASSED [ 80%]
tests/stageb/test_d4_shadow_canary_auditor.py::test_artifact_hashes_not_in_hashed_set PASSED [ 81%]
tests/stageb/test_d4_shadow_canary_auditor.py::test_invalid_step_count_one_step_multi_flags PASSED [ 82%]
tests/stageb/test_d4_shadow_canary_auditor.py::test_invalid_step_count_multi_steps PASSED [ 83%]
tests/stageb/test_d4_shadow_canary_auditor.py::test_action_identity_from_csv PASSED [ 84%]
tests/stageb/test_d4_shadow_canary_auditor.py::test_required_launcher_files PASSED [ 85%]
tests/stageb/test_d4_shadow_canary_auditor.py::test_required_episode_files PASSED [ 86%]
tests/stageb/test_d4_shadow_canary_auditor.py::test_hashed_files_subset_of_required PASSED [ 87%]
tests/stageb/test_d4_shadow_canary_auditor.py::test_gpu_before_nonempty_fails PASSED [ 88%]
tests/stageb/test_d4_shadow_canary_auditor.py::test_gpu_after_residual_fails PASSED [ 89%]
tests/stageb/test_d4_shadow_canary_auditor.py::test_gpu_before_empty_after_empty_passes PASSED [ 90%]
tests/stageb/test_d4_shadow_canary_auditor.py::test_gpu_before_after_same_process_fails PASSED [ 91%]
tests/stageb/test_d4_shadow_canary_auditor.py::test_step_trace_flag_values_must_be_01 PASSED [ 92%]
tests/stageb/test_d4_shadow_canary_auditor.py::test_action_identity_values_must_be_01 PASSED [ 93%]
tests/stageb/test_d4_shadow_canary_auditor.py::test_gpu_snapshot_csv_has_header PASSED [ 94%]
tests/stageb/test_d4_shadow_canary_auditor.py::test_emit_single_candidate_matches PASSED [ 95%]
tests/stageb/test_d4_shadow_canary_auditor.py::test_emit_duplicate_candidate_fails PASSED [ 96%]
tests/stageb/test_d4_shadow_canary_auditor.py::test_emit_abstained_candidate_fails PASSED [ 97%]
tests/stageb/test_d4_shadow_canary_auditor.py::test_emit_missing_candidate_fails PASSED [ 98%]
tests/stageb/test_d4_shadow_canary_auditor.py::test_auditor_main_valid_tree_exit_0 PASSED [ 99%]
tests/stageb/test_d4_shadow_canary_auditor.py::test_auditor_main_corrupted_tree_exit_nonzero PASSED [100%]

============================= 105 passed in 1.78s ==============================
